<?xml version="1.0" encoding="UTF-8"?>
<!-- Generated by org.testng.reporters.JUnitReportReporter -->
<testsuite skipped="0" hostname="DELL-PC" name="qaclickacademy.MavenJava.FirstTest" tests="1" failures="0" timestamp="2021-03-28T09:11:14 BST" time="0.006" errors="0">
  <testcase name="test1" time="0.006" classname="qaclickacademy.MavenJava.FirstTest"/>
  <system-out/>
</testsuite> <!-- qaclickacademy.MavenJava.FirstTest -->
